2026-03-17 21:21:34,582 - INFO - Starting image integration protocol execution
2026-03-17 21:21:34,582 - INFO - Log file: /home/perecanals/pacs/stanford-stroke-pacs/image_integration_protocols/execute_image_integration_protocol_20260317_212134.log
2026-03-17 21:21:34,591 - INFO - Source directory: /home/perecanals/pacs/imaging_database_test
2026-03-17 21:21:34,591 - INFO - Found 5 cases to process
2026-03-17 21:21:34,591 - INFO - Processing case 1-017
2026-03-17 21:21:34,722 - INFO - All studies are already in the database for case_dir (/home/perecanals/pacs/imaging_database_test/1-017)
2026-03-17 21:21:34,723 - INFO - Successfully completed processing case 1-017
2026-03-17 21:21:34,724 - INFO - Processing case 2-592
2026-03-17 21:21:34,820 - INFO - All studies are already in the database for case_dir (/home/perecanals/pacs/imaging_database_test/2-592)
2026-03-17 21:21:34,821 - INFO - Successfully completed processing case 2-592
2026-03-17 21:21:34,821 - INFO - Processing case 2-599
2026-03-17 21:21:34,917 - INFO - All studies are already in the database for case_dir (/home/perecanals/pacs/imaging_database_test/2-599)
2026-03-17 21:21:34,918 - INFO - Successfully completed processing case 2-599
2026-03-17 21:21:34,918 - INFO - Processing case 2-601
2026-03-17 21:21:35,015 - INFO - All studies are already in the database for case_dir (/home/perecanals/pacs/imaging_database_test/2-601)
2026-03-17 21:21:35,016 - INFO - Successfully completed processing case 2-601
2026-03-17 21:21:35,016 - INFO - Processing case 2-603
2026-03-17 21:21:35,114 - INFO - All studies are already in the database for case_dir (/home/perecanals/pacs/imaging_database_test/2-603)
2026-03-17 21:21:35,115 - INFO - Successfully completed processing case 2-603
2026-03-17 21:21:35,115 - INFO - ============================================================
2026-03-17 21:21:35,115 - INFO - IMAGE INTEGRATION PROTOCOL SUMMARY
2026-03-17 21:21:35,115 - INFO - Total cases found: 5
2026-03-17 21:21:35,115 - INFO - Successfully processed: 5
2026-03-17 21:21:35,115 - INFO - Skipped (empty directories): 0
2026-03-17 21:21:35,115 - INFO - Failed: 0
2026-03-17 21:21:35,115 - INFO - ============================================================
2026-03-17 21:21:35,115 - INFO - Image integration protocol execution completed
