2026-03-24 13:15:07,832 - INFO - Starting image integration protocol execution
2026-03-24 13:15:07,832 - INFO - Log file: /home/perecanals/pacs/stanford-stroke-pacs/image_integration_protocols/execute_image_integration_protocol_20260324_131507.log
2026-03-24 13:15:07,832 - INFO - Config file: /home/perecanals/pacs/stanford-stroke-pacs/image_integration_protocols/execute_image_integration_protocol.yaml
2026-03-24 13:15:07,832 - INFO - Loaded YAML configuration:
env_path: /home/perecanals/pacs/.env
database: stanford-stroke
src_dir: /DATA2/perecanals/datasets/stanford_mevos_raw_data
overwrite_if_exists: false
anonymize_files: false
delete_originals_after_verification: true
2026-03-24 13:15:07,835 - INFO - Source directory: /DATA2/perecanals/datasets/stanford_mevos_raw_data
2026-03-24 13:15:07,835 - INFO - Database: stanford-stroke
2026-03-24 13:15:07,835 - INFO - Env path: /home/perecanals/pacs/.env
2026-03-24 13:15:07,835 - INFO - Anonymize files: False
2026-03-24 13:15:07,835 - INFO - Delete originals after verification: True
2026-03-24 13:15:07,835 - INFO - Overwrite existing studies: False
2026-03-24 13:15:07,835 - INFO - Found 109 cases to process
2026-03-24 13:15:07,835 - INFO - Processing case 1-017
2026-03-24 13:15:07,876 - WARNING - The value length (90) exceeds the maximum length of 64 allowed for VR LO.
2026-03-24 13:15:07,887 - WARNING - The value length (90) exceeds the maximum length of 64 allowed for VR LO.
2026-03-24 13:15:07,912 - WARNING - The value length (90) exceeds the maximum length of 64 allowed for VR LO.
2026-03-24 13:15:08,144 - WARNING - The value length (90) exceeds the maximum length of 64 allowed for VR LO.
2026-03-24 13:15:08,312 - WARNING - The value length (90) exceeds the maximum length of 64 allowed for VR LO.
2026-03-24 13:15:08,463 - WARNING - The value length (90) exceeds the maximum length of 64 allowed for VR LO.
2026-03-24 13:15:08,613 - WARNING - The value length (90) exceeds the maximum length of 64 allowed for VR LO.
2026-03-24 13:15:08,685 - WARNING - The value length (90) exceeds the maximum length of 64 allowed for VR LO.
2026-03-24 13:15:08,713 - WARNING - The value length (90) exceeds the maximum length of 64 allowed for VR LO.
2026-03-24 13:15:08,810 - WARNING - The value length (90) exceeds the maximum length of 64 allowed for VR LO.
2026-03-24 13:15:08,887 - WARNING - The value length (90) exceeds the maximum length of 64 allowed for VR LO.
2026-03-24 13:15:09,025 - WARNING - The value length (90) exceeds the maximum length of 64 allowed for VR LO.
2026-03-24 13:15:09,152 - WARNING - The value length (90) exceeds the maximum length of 64 allowed for VR LO.
2026-03-24 13:15:09,173 - WARNING - The value length (90) exceeds the maximum length of 64 allowed for VR LO.
2026-03-24 13:15:09,191 - WARNING - The value length (90) exceeds the maximum length of 64 allowed for VR LO.
2026-03-24 13:15:09,317 - WARNING - The value length (90) exceeds the maximum length of 64 allowed for VR LO.
2026-03-24 13:15:09,529 - WARNING - The value length (90) exceeds the maximum length of 64 allowed for VR LO.
2026-03-24 13:15:09,681 - WARNING - The value length (90) exceeds the maximum length of 64 allowed for VR LO.
2026-03-24 13:15:09,837 - WARNING - The value length (90) exceeds the maximum length of 64 allowed for VR LO.
2026-03-24 13:15:48,600 - INFO - Study row 0 already in database (StudyInstanceUID: 1.2.826.0.1.3680043.8.498.11626625246954846473738863003020127203)
2026-03-24 13:15:48,601 - INFO - Study row 1 already in database (StudyInstanceUID: 1.2.826.0.1.3680043.8.498.11789382791373608014027502100346762905)
2026-03-24 13:15:48,601 - INFO - Study row 2 already in database (StudyInstanceUID: 1.2.826.0.1.3680043.8.498.11881902466419763285328045847135318169)
2026-03-24 13:15:48,601 - INFO - Study row 3 already in database (StudyInstanceUID: 1.2.826.0.1.3680043.8.498.12916719136717016767138353333749981560)
2026-03-24 13:15:48,601 - INFO - Study row 4 already in database (StudyInstanceUID: 1.2.826.0.1.3680043.8.498.13161199092815856365574355021897200816)
2026-03-24 13:15:48,601 - INFO - Study row 5 already in database (StudyInstanceUID: 1.2.826.0.1.3680043.8.498.24343930192512336688204754973327365188)
2026-03-24 13:15:48,601 - INFO - Study row 6 already in database (StudyInstanceUID: 1.2.826.0.1.3680043.8.498.29663094525544818962759461638259879092)
2026-03-24 13:15:48,601 - INFO - Study row 7 already in database (StudyInstanceUID: 1.2.826.0.1.3680043.8.498.65382920477222052252550788251002598771)
2026-03-24 13:15:48,601 - INFO - Study row 8 already in database (StudyInstanceUID: 1.2.826.0.1.3680043.8.498.78127681298397778326891426872873857679)
2026-03-24 13:15:48,601 - INFO - Study row 9 already in database (StudyInstanceUID: 1.2.826.0.1.3680043.8.498.79046574130269149429201334053328344421)
2026-03-24 13:15:48,601 - INFO - Study row 10 already in database (StudyInstanceUID: 1.2.826.0.1.3680043.8.498.88390269130170650019029311379806295449)
2026-03-24 13:15:48,601 - INFO - Study row 11 already in database (StudyInstanceUID: 1.2.826.0.1.3680043.8.498.92559332641415027844129600745989924270)
2026-03-24 13:15:48,603 - INFO - All studies are already in the database for case_dir (/DATA2/perecanals/datasets/stanford_mevos_raw_data/1-017)
2026-03-24 13:15:48,604 - INFO - Successfully completed processing case 1-017
2026-03-24 13:15:48,604 - INFO - Processing case 2-592
2026-03-24 13:15:49,262 - WARNING - The value length (90) exceeds the maximum length of 64 allowed for VR LO.
2026-03-24 13:15:49,556 - WARNING - The value length (90) exceeds the maximum length of 64 allowed for VR LO.
2026-03-24 13:15:49,625 - WARNING - The value length (90) exceeds the maximum length of 64 allowed for VR LO.
2026-03-24 13:15:49,991 - WARNING - The value length (90) exceeds the maximum length of 64 allowed for VR LO.
2026-03-24 13:15:50,284 - WARNING - The value length (90) exceeds the maximum length of 64 allowed for VR LO.
2026-03-24 13:15:50,579 - WARNING - The value length (90) exceeds the maximum length of 64 allowed for VR LO.
2026-03-24 13:15:50,894 - WARNING - The value length (90) exceeds the maximum length of 64 allowed for VR LO.
2026-03-24 13:15:51,113 - WARNING - The value length (90) exceeds the maximum length of 64 allowed for VR LO.
2026-03-24 13:15:51,308 - WARNING - The value length (90) exceeds the maximum length of 64 allowed for VR LO.
2026-03-24 13:15:51,658 - WARNING - The value length (90) exceeds the maximum length of 64 allowed for VR LO.
2026-03-24 13:15:51,997 - WARNING - The value length (90) exceeds the maximum length of 64 allowed for VR LO.
2026-03-24 13:15:52,540 - WARNING - The value length (90) exceeds the maximum length of 64 allowed for VR LO.
2026-03-24 13:15:53,116 - WARNING - The value length (90) exceeds the maximum length of 64 allowed for VR LO.
2026-03-24 13:15:54,665 - WARNING - The value length (90) exceeds the maximum length of 64 allowed for VR LO.
2026-03-24 13:15:55,694 - WARNING - The value length (90) exceeds the maximum length of 64 allowed for VR LO.
2026-03-24 13:15:56,367 - WARNING - The value length (90) exceeds the maximum length of 64 allowed for VR LO.
2026-03-24 13:15:56,576 - WARNING - The value length (90) exceeds the maximum length of 64 allowed for VR LO.
2026-03-24 13:15:56,762 - WARNING - The value length (90) exceeds the maximum length of 64 allowed for VR LO.
2026-03-24 13:15:56,952 - WARNING - The value length (90) exceeds the maximum length of 64 allowed for VR LO.
2026-03-24 13:15:57,147 - WARNING - The value length (90) exceeds the maximum length of 64 allowed for VR LO.
2026-03-24 13:15:57,339 - WARNING - The value length (90) exceeds the maximum length of 64 allowed for VR LO.
2026-03-24 13:15:57,500 - WARNING - The value length (90) exceeds the maximum length of 64 allowed for VR LO.
2026-03-24 13:15:57,671 - WARNING - The value length (90) exceeds the maximum length of 64 allowed for VR LO.
2026-03-24 13:15:57,677 - WARNING - The value length (90) exceeds the maximum length of 64 allowed for VR LO.
2026-03-24 13:15:57,756 - WARNING - The value length (90) exceeds the maximum length of 64 allowed for VR LO.
2026-03-24 13:15:57,904 - WARNING - The value length (90) exceeds the maximum length of 64 allowed for VR LO.
2026-03-24 13:15:58,276 - WARNING - The value length (90) exceeds the maximum length of 64 allowed for VR LO.
2026-03-24 13:15:58,302 - WARNING - The value length (90) exceeds the maximum length of 64 allowed for VR LO.
2026-03-24 13:15:58,377 - WARNING - The value length (90) exceeds the maximum length of 64 allowed for VR LO.
2026-03-24 13:15:58,389 - WARNING - The value length (90) exceeds the maximum length of 64 allowed for VR LO.
2026-03-24 13:15:58,745 - WARNING - The value length (90) exceeds the maximum length of 64 allowed for VR LO.
2026-03-24 13:15:58,814 - WARNING - The value length (90) exceeds the maximum length of 64 allowed for VR LO.
2026-03-24 13:15:58,916 - WARNING - The value length (90) exceeds the maximum length of 64 allowed for VR LO.
2026-03-24 13:15:58,984 - WARNING - The value length (90) exceeds the maximum length of 64 allowed for VR LO.
2026-03-24 13:15:59,069 - WARNING - The value length (90) exceeds the maximum length of 64 allowed for VR LO.
2026-03-24 13:15:59,133 - WARNING - The value length (90) exceeds the maximum length of 64 allowed for VR LO.
2026-03-24 13:15:59,247 - WARNING - The value length (90) exceeds the maximum length of 64 allowed for VR LO.
2026-03-24 13:15:59,258 - WARNING - The value length (90) exceeds the maximum length of 64 allowed for VR LO.
2026-03-24 13:15:59,267 - WARNING - The value length (90) exceeds the maximum length of 64 allowed for VR LO.
2026-03-24 13:15:59,270 - WARNING - The value length (90) exceeds the maximum length of 64 allowed for VR LO.
2026-03-24 13:15:59,358 - WARNING - The value length (90) exceeds the maximum length of 64 allowed for VR LO.
2026-03-24 13:15:59,511 - WARNING - The value length (90) exceeds the maximum length of 64 allowed for VR LO.
2026-03-24 13:15:59,680 - WARNING - The value length (90) exceeds the maximum length of 64 allowed for VR LO.
2026-03-24 13:16:27,791 - INFO - Study row 0 already in database (StudyInstanceUID: 1.2.826.0.1.3680043.8.498.12313639079366882048312583935941955531)
2026-03-24 13:16:27,791 - INFO - Study row 1 already in database (StudyInstanceUID: 1.2.826.0.1.3680043.8.498.28000536219792178311844305820996284208)
2026-03-24 13:16:27,791 - INFO - Study row 2 already in database (StudyInstanceUID: 1.2.826.0.1.3680043.8.498.33432938184826088375403838374625893817)
2026-03-24 13:16:27,791 - INFO - Study row 3 already in database (StudyInstanceUID: 1.2.826.0.1.3680043.8.498.43045802109588622396508858978765139818)
2026-03-24 13:16:27,791 - INFO - Study row 4 already in database (StudyInstanceUID: 1.2.826.0.1.3680043.8.498.85946383834731090406449763221120711054)
2026-03-24 13:16:27,793 - INFO - All studies are already in the database for case_dir (/DATA2/perecanals/datasets/stanford_mevos_raw_data/2-592)
2026-03-24 13:16:27,795 - INFO - Successfully completed processing case 2-592
2026-03-24 13:16:27,795 - INFO - Processing case 2-599
2026-03-24 13:17:11,253 - INFO - Study row 0 already in database (StudyInstanceUID: 1.2.826.0.1.3680043.8.498.10632140706544115848059379567432947891)
2026-03-24 13:17:11,253 - INFO - Study row 1 already in database (StudyInstanceUID: 1.2.826.0.1.3680043.8.498.11455552758161460141826578135953464877)
2026-03-24 13:17:11,253 - INFO - Study row 2 already in database (StudyInstanceUID: 1.2.826.0.1.3680043.8.498.13411859581754122369562469026804186306)
2026-03-24 13:17:11,253 - INFO - Study row 3 already in database (StudyInstanceUID: 1.2.826.0.1.3680043.8.498.43126027729268308135970371586994189638)
2026-03-24 13:17:11,253 - INFO - Study row 4 already in database (StudyInstanceUID: 1.2.826.0.1.3680043.8.498.57858950282460368356161094149022417713)
2026-03-24 13:17:11,253 - INFO - Study row 5 already in database (StudyInstanceUID: 1.2.826.0.1.3680043.8.498.90147588604158874566576985087703769199)
2026-03-24 13:17:11,254 - INFO - All studies are already in the database for case_dir (/DATA2/perecanals/datasets/stanford_mevos_raw_data/2-599)
2026-03-24 13:17:11,256 - INFO - Successfully completed processing case 2-599
2026-03-24 13:17:11,256 - INFO - Processing case 2-601
2026-03-24 13:17:45,022 - INFO - Study row 0 already in database (StudyInstanceUID: 1.2.826.0.1.3680043.8.498.10148626262444573966867566038912382842)
2026-03-24 13:17:45,022 - INFO - Study row 1 already in database (StudyInstanceUID: 1.2.826.0.1.3680043.8.498.11732484343598259880084600094032728207)
2026-03-24 13:17:45,022 - INFO - Study row 2 already in database (StudyInstanceUID: 1.2.826.0.1.3680043.8.498.13662119653335789498829612697938809133)
2026-03-24 13:17:45,023 - INFO - Study row 3 already in database (StudyInstanceUID: 1.2.826.0.1.3680043.8.498.26452026464590547611478708197803182373)
2026-03-24 13:17:45,023 - INFO - Study row 4 already in database (StudyInstanceUID: 1.2.826.0.1.3680043.8.498.45020964574121348672357231230410648408)
2026-03-24 13:17:45,023 - INFO - Study row 5 already in database (StudyInstanceUID: 1.2.826.0.1.3680043.8.498.47400555094720712331918387152354489197)
2026-03-24 13:17:45,023 - INFO - Study row 6 already in database (StudyInstanceUID: 1.2.826.0.1.3680043.8.498.75985512049051740261697127639790511293)
2026-03-24 13:17:45,023 - INFO - Study row 7 already in database (StudyInstanceUID: 1.2.826.0.1.3680043.8.498.76682340082681859458908545252957591075)
2026-03-24 13:17:45,023 - INFO - Study row 8 already in database (StudyInstanceUID: 1.2.826.0.1.3680043.8.498.88243683469678507110893541379581333274)
2026-03-24 13:17:45,024 - INFO - All studies are already in the database for case_dir (/DATA2/perecanals/datasets/stanford_mevos_raw_data/2-601)
2026-03-24 13:17:45,026 - INFO - Successfully completed processing case 2-601
2026-03-24 13:17:45,026 - INFO - Processing case 2-603
2026-03-24 13:17:54,427 - WARNING - The value length (90) exceeds the maximum length of 64 allowed for VR LO.
2026-03-24 13:17:54,476 - WARNING - The value length (90) exceeds the maximum length of 64 allowed for VR LO.
2026-03-24 13:17:54,858 - WARNING - The value length (90) exceeds the maximum length of 64 allowed for VR LO.
2026-03-24 13:17:55,158 - WARNING - The value length (90) exceeds the maximum length of 64 allowed for VR LO.
2026-03-24 13:17:55,466 - WARNING - The value length (90) exceeds the maximum length of 64 allowed for VR LO.
2026-03-24 13:17:55,785 - WARNING - The value length (90) exceeds the maximum length of 64 allowed for VR LO.
2026-03-24 13:17:55,986 - WARNING - The value length (90) exceeds the maximum length of 64 allowed for VR LO.
2026-03-24 13:17:56,202 - WARNING - The value length (90) exceeds the maximum length of 64 allowed for VR LO.
2026-03-24 13:17:56,531 - WARNING - The value length (90) exceeds the maximum length of 64 allowed for VR LO.
2026-03-24 13:17:56,933 - WARNING - The value length (90) exceeds the maximum length of 64 allowed for VR LO.
2026-03-24 13:17:58,381 - WARNING - The value length (90) exceeds the maximum length of 64 allowed for VR LO.
2026-03-24 13:17:59,008 - WARNING - The value length (90) exceeds the maximum length of 64 allowed for VR LO.
2026-03-24 13:17:59,740 - WARNING - The value length (90) exceeds the maximum length of 64 allowed for VR LO.
2026-03-24 13:18:00,406 - WARNING - The value length (90) exceeds the maximum length of 64 allowed for VR LO.
2026-03-24 13:18:00,616 - WARNING - The value length (90) exceeds the maximum length of 64 allowed for VR LO.
2026-03-24 13:18:00,846 - WARNING - The value length (90) exceeds the maximum length of 64 allowed for VR LO.
2026-03-24 13:18:01,036 - WARNING - The value length (90) exceeds the maximum length of 64 allowed for VR LO.
2026-03-24 13:18:01,691 - WARNING - The value length (90) exceeds the maximum length of 64 allowed for VR LO.
2026-03-24 13:18:02,395 - WARNING - The value length (90) exceeds the maximum length of 64 allowed for VR LO.
2026-03-24 13:18:02,583 - WARNING - The value length (90) exceeds the maximum length of 64 allowed for VR LO.
2026-03-24 13:18:02,768 - WARNING - The value length (90) exceeds the maximum length of 64 allowed for VR LO.
2026-03-24 13:18:02,984 - WARNING - The value length (90) exceeds the maximum length of 64 allowed for VR LO.
2026-03-24 13:18:03,021 - WARNING - The value length (90) exceeds the maximum length of 64 allowed for VR LO.
2026-03-24 13:18:03,026 - WARNING - The value length (90) exceeds the maximum length of 64 allowed for VR LO.
2026-03-24 13:18:03,030 - WARNING - The value length (90) exceeds the maximum length of 64 allowed for VR LO.
2026-03-24 13:18:03,096 - WARNING - The value length (90) exceeds the maximum length of 64 allowed for VR LO.
2026-03-24 13:18:03,152 - WARNING - The value length (90) exceeds the maximum length of 64 allowed for VR LO.
2026-03-24 13:18:03,391 - WARNING - The value length (90) exceeds the maximum length of 64 allowed for VR LO.
2026-03-24 13:18:03,444 - WARNING - The value length (90) exceeds the maximum length of 64 allowed for VR LO.
2026-03-24 13:18:03,537 - WARNING - The value length (90) exceeds the maximum length of 64 allowed for VR LO.
2026-03-24 13:18:03,599 - WARNING - The value length (90) exceeds the maximum length of 64 allowed for VR LO.
2026-03-24 13:18:03,658 - WARNING - The value length (90) exceeds the maximum length of 64 allowed for VR LO.
2026-03-24 13:18:03,721 - WARNING - The value length (90) exceeds the maximum length of 64 allowed for VR LO.
2026-03-24 13:18:03,729 - WARNING - The value length (90) exceeds the maximum length of 64 allowed for VR LO.
2026-03-24 13:18:03,735 - WARNING - The value length (90) exceeds the maximum length of 64 allowed for VR LO.
2026-03-24 13:18:03,748 - WARNING - The value length (90) exceeds the maximum length of 64 allowed for VR LO.
2026-03-24 13:18:03,839 - WARNING - The value length (90) exceeds the maximum length of 64 allowed for VR LO.
2026-03-24 13:18:06,870 - WARNING - The value length (90) exceeds the maximum length of 64 allowed for VR LO.
2026-03-24 13:18:08,030 - WARNING - The value length (90) exceeds the maximum length of 64 allowed for VR LO.
2026-03-24 13:18:08,243 - WARNING - The value length (90) exceeds the maximum length of 64 allowed for VR LO.
2026-03-24 13:18:08,396 - WARNING - The value length (90) exceeds the maximum length of 64 allowed for VR LO.
2026-03-24 13:18:15,793 - INFO - Study row 0 already in database (StudyInstanceUID: 1.2.826.0.1.3680043.8.498.12753692762369164362002398341163603140)
2026-03-24 13:18:15,794 - INFO - Study row 1 already in database (StudyInstanceUID: 1.2.826.0.1.3680043.8.498.25130466090098205417689572702301194680)
2026-03-24 13:18:15,794 - INFO - Study row 2 already in database (StudyInstanceUID: 1.2.826.0.1.3680043.8.498.27183951769906535959772773283070432088)
2026-03-24 13:18:15,794 - INFO - Study row 3 already in database (StudyInstanceUID: 1.2.826.0.1.3680043.8.498.53402059400078246199995875719781190510)
2026-03-24 13:18:15,794 - INFO - Study row 4 already in database (StudyInstanceUID: 1.2.826.0.1.3680043.8.498.70168455017306551104266427781405664653)
2026-03-24 13:18:15,794 - INFO - Study row 5 already in database (StudyInstanceUID: 1.2.826.0.1.3680043.8.498.71924503047326013575367111682294333090)
2026-03-24 13:18:15,794 - INFO - Study row 6 already in database (StudyInstanceUID: 1.2.826.0.1.3680043.8.498.87929978611498062128342705023446311461)
2026-03-24 13:18:15,795 - INFO - All studies are already in the database for case_dir (/DATA2/perecanals/datasets/stanford_mevos_raw_data/2-603)
2026-03-24 13:18:15,796 - INFO - Successfully completed processing case 2-603
2026-03-24 13:18:15,796 - INFO - Processing case 2-610
2026-03-24 13:18:16,171 - WARNING - The value length (90) exceeds the maximum length of 64 allowed for VR LO.
2026-03-24 13:18:16,216 - WARNING - The value length (90) exceeds the maximum length of 64 allowed for VR LO.
2026-03-24 13:18:16,638 - WARNING - The value length (90) exceeds the maximum length of 64 allowed for VR LO.
2026-03-24 13:18:16,923 - WARNING - The value length (90) exceeds the maximum length of 64 allowed for VR LO.
2026-03-24 13:18:17,201 - WARNING - The value length (90) exceeds the maximum length of 64 allowed for VR LO.
2026-03-24 13:18:17,527 - WARNING - The value length (90) exceeds the maximum length of 64 allowed for VR LO.
2026-03-24 13:18:17,736 - WARNING - The value length (90) exceeds the maximum length of 64 allowed for VR LO.
2026-03-24 13:18:17,910 - WARNING - The value length (90) exceeds the maximum length of 64 allowed for VR LO.
2026-03-24 13:18:20,824 - WARNING - The value length (90) exceeds the maximum length of 64 allowed for VR LO.
2026-03-24 13:18:21,413 - WARNING - The value length (90) exceeds the maximum length of 64 allowed for VR LO.
2026-03-24 13:18:22,040 - WARNING - The value length (90) exceeds the maximum length of 64 allowed for VR LO.
2026-03-24 13:18:22,473 - WARNING - The value length (90) exceeds the maximum length of 64 allowed for VR LO.
2026-03-24 13:18:23,211 - WARNING - The value length (90) exceeds the maximum length of 64 allowed for VR LO.
2026-03-24 13:18:24,481 - WARNING - The value length (90) exceeds the maximum length of 64 allowed for VR LO.
2026-03-24 13:18:25,190 - WARNING - The value length (90) exceeds the maximum length of 64 allowed for VR LO.
2026-03-24 13:18:25,475 - WARNING - The value length (90) exceeds the maximum length of 64 allowed for VR LO.
2026-03-24 13:18:25,804 - WARNING - The value length (90) exceeds the maximum length of 64 allowed for VR LO.
2026-03-24 13:18:26,078 - WARNING - The value length (90) exceeds the maximum length of 64 allowed for VR LO.
2026-03-24 13:18:26,816 - WARNING - The value length (90) exceeds the maximum length of 64 allowed for VR LO.
2026-03-24 13:18:27,191 - WARNING - The value length (90) exceeds the maximum length of 64 allowed for VR LO.
2026-03-24 13:18:27,504 - WARNING - The value length (90) exceeds the maximum length of 64 allowed for VR LO.
2026-03-24 13:18:27,833 - WARNING - The value length (90) exceeds the maximum length of 64 allowed for VR LO.
2026-03-24 13:18:28,139 - WARNING - The value length (90) exceeds the maximum length of 64 allowed for VR LO.
2026-03-24 13:18:28,306 - WARNING - The value length (90) exceeds the maximum length of 64 allowed for VR LO.
2026-03-24 13:18:28,312 - WARNING - The value length (90) exceeds the maximum length of 64 allowed for VR LO.
2026-03-24 13:18:28,360 - WARNING - The value length (90) exceeds the maximum length of 64 allowed for VR LO.
2026-03-24 13:18:28,511 - WARNING - The value length (90) exceeds the maximum length of 64 allowed for VR LO.
2026-03-24 13:18:28,953 - WARNING - The value length (90) exceeds the maximum length of 64 allowed for VR LO.
2026-03-24 13:18:28,989 - WARNING - The value length (90) exceeds the maximum length of 64 allowed for VR LO.
2026-03-24 13:18:29,072 - WARNING - The value length (90) exceeds the maximum length of 64 allowed for VR LO.
2026-03-24 13:18:29,106 - WARNING - The value length (90) exceeds the maximum length of 64 allowed for VR LO.
2026-03-24 13:18:29,301 - WARNING - The value length (90) exceeds the maximum length of 64 allowed for VR LO.
2026-03-24 13:18:29,361 - WARNING - The value length (90) exceeds the maximum length of 64 allowed for VR LO.
2026-03-24 13:18:29,446 - WARNING - The value length (90) exceeds the maximum length of 64 allowed for VR LO.
2026-03-24 13:18:29,507 - WARNING - The value length (90) exceeds the maximum length of 64 allowed for VR LO.
2026-03-24 13:18:29,595 - WARNING - The value length (90) exceeds the maximum length of 64 allowed for VR LO.
2026-03-24 13:18:29,651 - WARNING - The value length (90) exceeds the maximum length of 64 allowed for VR LO.
2026-03-24 13:18:29,712 - WARNING - The value length (90) exceeds the maximum length of 64 allowed for VR LO.
2026-03-24 13:18:29,722 - WARNING - The value length (90) exceeds the maximum length of 64 allowed for VR LO.
2026-03-24 13:18:29,734 - WARNING - The value length (90) exceeds the maximum length of 64 allowed for VR LO.
2026-03-24 13:18:51,919 - INFO - Copying DICOM RAPID Summary slices CBF/Tmax Mismatch for study_id 2-610 (series 1 of 112)
2026-03-24 13:18:52,030 - INFO - Copying DICOM RAPID Summary slices CBV Thresholds for study_id 2-610 (series 2 of 112)
2026-03-24 13:18:52,095 - INFO - Copying DICOM RAPID Angio Rendering MIP rotZ for study_id 2-610 (series 3 of 112)
2026-03-24 13:18:52,551 - INFO - Copying DICOM RAPID Summary slices Tmax Thresholds for study_id 2-610 (series 4 of 112)
2026-03-24 13:18:52,639 - INFO - Copying DICOM RAPID AIF/VOF Location for study_id 2-610 (series 5 of 112)
2026-03-24 13:18:52,644 - INFO - Copying DICOM RAPID tsMIP AIF/VOF Location for study_id 2-610 (series 6 of 112)
2026-03-24 13:18:52,651 - INFO - Copying DICOM RAPID Angio Rendering MIP rotX for study_id 2-610 (series 7 of 112)
2026-03-24 13:18:52,796 - INFO - Copying DICOM RAPID Perfusion Parameter Maps Colored for study_id 2-610 (series 8 of 112)
2026-03-24 13:18:52,815 - INFO - Copying DICOM RAPID CT-P Summary for study_id 2-610 (series 9 of 112)
2026-03-24 13:18:53,045 - INFO - Copying DICOM RAPID Summary slices NCCT Thresholds for study_id 2-610 (series 10 of 112)
2026-03-24 13:18:53,145 - INFO - Copying DICOM RAPID LVO Assessment for study_id 2-610 (series 11 of 112)
2026-03-24 13:18:53,150 - INFO - Copying DICOM RAPID Summary slices CBF Thresholds for study_id 2-610 (series 12 of 112)
2026-03-24 13:18:53,215 - INFO - Copying DICOM RAPID Angiography Summary Assessment for study_id 2-610 (series 13 of 112)
2026-03-24 13:18:53,240 - INFO - Copying DICOM Patient Protocol for study_id 2-610 (series 14 of 112)
2026-03-24 13:18:53,251 - INFO - Copying DICOM TopoHeadNeck LAT for study_id 2-610 (series 15 of 112)
2026-03-24 13:18:53,260 - INFO - Copying DICOM TopoHeadNeck AP for study_id 2-610 (series 16 of 112)
2026-03-24 13:18:53,264 - INFO - Copying DICOM DE Head WO  3.0  MPR  cor  F_0.5 for study_id 2-610 (series 17 of 112)
2026-03-24 13:18:54,826 - INFO - Copying DICOM DE Head WO  3.0  MPR  sag  F_0.5 for study_id 2-610 (series 18 of 112)
2026-03-24 13:18:55,101 - INFO - Copying DICOM DE Head WO  0.6  MPR  ax  F_0.4 for study_id 2-610 (series 19 of 112)
2026-03-24 13:18:56,359 - INFO - Copying DICOM DE Head WO  3.0  MPR  ax  F_0.5 for study_id 2-610 (series 20 of 112)
2026-03-24 13:18:56,641 - INFO - Copying DICOM NCCT (RAPID)  F_0.5 for study_id 2-610 (series 21 of 112)
2026-03-24 13:18:56,804 - INFO - Copying DICOM DE Head WO  0.75  Hr60 Bone  F_0.4 for study_id 2-610 (series 22 of 112)
2026-03-24 13:18:57,545 - INFO - Copying DICOM CTP Perfusion (RAPID) for study_id 2-610 (series 23 of 112)
2026-03-24 13:18:58,276 - INFO - Copying DICOM CTA Head Neck  2.0  MPR  cor for study_id 2-610 (series 24 of 112)
2026-03-24 13:18:58,925 - INFO - Copying DICOM CTA Head Neck  2.0  MPR  sag for study_id 2-610 (series 25 of 112)
2026-03-24 13:18:59,767 - INFO - Copying DICOM CTA Head Neck  0.75  Hr56  4 (RAPID) for study_id 2-610 (series 26 of 112)
2026-03-24 13:19:03,048 - INFO - Copying DICOM 3D Lab:  Cor batch 20 x 5 MIP for study_id 2-610 (series 27 of 112)
2026-03-24 13:19:03,562 - INFO - Copying DICOM 3D Lab:  Rt Carotid CPR Loop for study_id 2-610 (series 28 of 112)
2026-03-24 13:19:04,507 - INFO - Copying DICOM 3D Lab:  Ax batch 20 x 5 MIP for study_id 2-610 (series 29 of 112)
2026-03-24 13:19:04,936 - INFO - Copying DICOM CTA Head Neck  3.0  Hr56 for study_id 2-610 (series 30 of 112)
2026-03-24 13:19:05,407 - INFO - Copying DICOM 3D Lab:  Lt Carotid CPR Loop for study_id 2-610 (series 31 of 112)
2026-03-24 13:19:05,790 - INFO - Copying DICOM 3D Lab: CPRs for study_id 2-610 (series 32 of 112)
2026-03-24 13:19:05,911 - INFO - Copying DICOM 3D Lab:  VR COW - R/L for study_id 2-610 (series 33 of 112)
2026-03-24 13:19:06,414 - INFO - Copying DICOM 3D Lab:  Sag batch 20 x 5 MIP for study_id 2-610 (series 34 of 112)
2026-03-24 13:19:06,866 - INFO - Copying DICOM 3D Lab:  VR COW - S/I for study_id 2-610 (series 35 of 112)
2026-03-24 13:19:07,379 - INFO - Copying DICOM DE Head With  3.0  MPR  cor  F_0.5 for study_id 2-610 (series 36 of 112)
2026-03-24 13:19:07,713 - INFO - Copying DICOM DE Head With  3.0  MPR  F_0.5 for study_id 2-610 (series 37 of 112)
2026-03-24 13:19:08,067 - INFO - Copying DICOM DE Head With  1.5  Qr32  F_0.5 for study_id 2-610 (series 38 of 112)
2026-03-24 13:19:08,392 - INFO - Copying DICOM DE Head With  3.0  MPR  sag  F_0.5 for study_id 2-610 (series 39 of 112)
2026-03-24 13:19:08,696 - INFO - Copying DICOM DE Head With  0.75  Hr32  F_0.5 for study_id 2-610 (series 40 of 112)
2026-03-24 13:19:17,193 - INFO - Copying DICOM VESSELPHASE 2 for study_id 2-610 (series 41 of 112)
2026-03-24 13:19:17,747 - INFO - Copying DICOM LICA for study_id 2-610 (series 42 of 112)
2026-03-24 13:19:19,668 - INFO - Copying DICOM RM5(-) Neuro Alt1. for study_id 2-610 (series 43 of 112)
2026-03-24 13:19:23,740 - INFO - Copying DICOM LICA for study_id 2-610 (series 44 of 112)
2026-03-24 13:19:25,596 - INFO - Copying DICOM RM5(-) Neuro Alt1. for study_id 2-610 (series 45 of 112)
2026-03-24 13:19:29,765 - INFO - Copying DICOM LICA for study_id 2-610 (series 46 of 112)
2026-03-24 13:19:52,090 - INFO - Copying DICOM RT FEM for study_id 2-610 (series 47 of 112)
2026-03-24 13:19:52,271 - INFO - Copying DICOM Exam Protocol XA for study_id 2-610 (series 48 of 112)
2026-03-24 13:19:52,318 - INFO - Copying DICOM Patient Protocol for study_id 2-610 (series 49 of 112)
2026-03-24 13:19:52,326 - INFO - Copying DICOM SN Topo   1.0  Tr20 for study_id 2-610 (series 50 of 112)
2026-03-24 13:19:52,337 - INFO - Copying DICOM SN Topo   1.0  Tr20 for study_id 2-610 (series 51 of 112)
2026-03-24 13:19:52,347 - INFO - Copying DICOM DE_Head  3.0  MPR  Sag  F_0.5 for study_id 2-610 (series 52 of 112)
2026-03-24 13:19:52,549 - INFO - Copying DICOM Brain Iodine Overlay MPR tra 3mm Range (Auto) for study_id 2-610 (series 53 of 112)
2026-03-24 13:19:52,844 - INFO - Copying DICOM VUE (Neuro) VNC MPR tra 3mm Range (Auto) for study_id 2-610 (series 54 of 112)
2026-03-24 13:19:53,108 - INFO - Copying DICOM DE_Head  3.0  MPR  Cor  F_0.5 for study_id 2-610 (series 55 of 112)
2026-03-24 13:19:53,293 - INFO - Copying DICOM DE_Head  3.0  MPR  Ax  F_0.5 for study_id 2-610 (series 56 of 112)
2026-03-24 13:19:53,479 - INFO - Copying DICOM DE_Head  0.6 Hr32 MPR  Ax  F_0.5 for study_id 2-610 (series 57 of 112)
2026-03-24 13:19:54,325 - INFO - Copying DICOM DE_Head  0.75  Hr32  3  F_0.5 for study_id 2-610 (series 58 of 112)
2026-03-24 13:19:55,022 - INFO - Copying DICOM DE_Head  0.75  MPR  Ax  F_0.5 for study_id 2-610 (series 59 of 112)
2026-03-24 13:19:55,719 - INFO - Copying DICOM RAPID Summary slices ADC/Tmax Mismatch for study_id 2-610 (series 60 of 112)
2026-03-24 13:19:55,792 - INFO - Copying DICOM RAPID Perfusion Parameter Maps Colored for study_id 2-610 (series 61 of 112)
2026-03-24 13:19:55,831 - INFO - Copying DICOM RAPID Summary slices ADC Thresholds for study_id 2-610 (series 62 of 112)
2026-03-24 13:19:55,839 - INFO - Copying DICOM RAPID AIF/VOF Location for study_id 2-610 (series 63 of 112)
2026-03-24 13:19:55,842 - INFO - Copying DICOM RAPID Summary slices Tmax Thresholds for study_id 2-610 (series 64 of 112)
2026-03-24 13:19:56,073 - INFO - Copying DICOM RAPID DWI-PWI Summary for study_id 2-610 (series 65 of 112)
2026-03-24 13:19:56,197 - INFO - Copying DICOM LOCALIZER for study_id 2-610 (series 66 of 112)
2026-03-24 13:19:56,273 - INFO - Copying DICOM ADC-Brain Ax Neuromix for study_id 2-610 (series 67 of 112)
2026-03-24 13:19:56,399 - INFO - Copying DICOM b0-Brain Ax Neuromix for study_id 2-610 (series 68 of 112)
2026-03-24 13:19:56,487 - INFO - Copying DICOM T2 SSFSE-Brain Ax Neuromix for study_id 2-610 (series 69 of 112)
2026-03-24 13:19:56,608 - INFO - Copying DICOM T1FLAIR PROPELLER-Brain Ax Neuromix for study_id 2-610 (series 70 of 112)
2026-03-24 13:19:56,804 - INFO - Copying DICOM 3DEPI T1-Brain Ax Neuromix for study_id 2-610 (series 71 of 112)
2026-03-24 13:19:57,279 - INFO - Copying DICOM T2star-Brain Ax Neuromix for study_id 2-610 (series 72 of 112)
2026-03-24 13:19:57,423 - INFO - Copying DICOM isoDWI-Brain Ax Neuromix for study_id 2-610 (series 73 of 112)
2026-03-24 13:19:57,510 - INFO - Copying DICOM T2FLAIR SSFSE-Brain Ax Neuromix for study_id 2-610 (series 74 of 112)
2026-03-24 13:19:57,652 - INFO - Copying DICOM 3DEPI SWI-Brain Ax Neuromix for study_id 2-610 (series 75 of 112)
2026-03-24 13:19:58,110 - INFO - Copying DICOM eADC for study_id 2-610 (series 76 of 112)
2026-03-24 13:19:58,130 - INFO - Copying DICOM ADC (10^-6 mm²/s) for study_id 2-610 (series 77 of 112)
2026-03-24 13:19:58,150 - INFO - Copying DICOM Brain Ax DWI_b1000 for study_id 2-610 (series 78 of 112)
2026-03-24 13:19:58,173 - INFO - Copying DICOM Brain Cor DWI_b1000 for study_id 2-610 (series 79 of 112)
2026-03-24 13:19:58,185 - INFO - Copying DICOM eADC for study_id 2-610 (series 80 of 112)
2026-03-24 13:19:58,191 - INFO - Copying DICOM ADC (10^-6 mm²/s) for study_id 2-610 (series 81 of 112)
2026-03-24 13:19:58,197 - INFO - Copying DICOM COW ROTATE for study_id 2-610 (series 82 of 112)
2026-03-24 13:19:59,008 - INFO - Copying DICOM BASILAR for study_id 2-610 (series 83 of 112)
2026-03-24 13:19:59,875 - INFO - Copying DICOM COW TUMBLE for study_id 2-610 (series 84 of 112)
2026-03-24 13:20:00,704 - INFO - Copying DICOM COL:Brain Ax 3D MRA_TOF for study_id 2-610 (series 85 of 112)
2026-03-24 13:20:00,715 - INFO - Copying DICOM Brain Ax 3D MRA_TOF for study_id 2-610 (series 86 of 112)
2026-03-24 13:20:01,424 - INFO - Copying DICOM LT ANTERIOR for study_id 2-610 (series 87 of 112)
2026-03-24 13:20:02,172 - INFO - Copying DICOM RT ANTERIOR for study_id 2-610 (series 88 of 112)
2026-03-24 13:20:02,915 - INFO - Copying DICOM PJN:Brain Ax 3D MRA_TOF for study_id 2-610 (series 89 of 112)
2026-03-24 13:20:02,988 - INFO - Copying DICOM Brain Ax GRE for study_id 2-610 (series 90 of 112)
2026-03-24 13:20:03,086 - INFO - Copying DICOM Brain Sag 3D T1_GRE for study_id 2-610 (series 91 of 112)
2026-03-24 13:20:03,389 - INFO - Copying DICOM Brain Ax 3D T1_GRE for study_id 2-610 (series 92 of 112)
2026-03-24 13:20:04,086 - INFO - Copying DICOM Brain Cor 3D T1_GRE for study_id 2-610 (series 93 of 112)
2026-03-24 13:20:04,371 - INFO - Copying DICOM Brain Sag 3D T2_FLAIR_FS for study_id 2-610 (series 94 of 112)
2026-03-24 13:20:05,238 - INFO - Copying DICOM Brain Ax 3D T2_FLAIR_FS for study_id 2-610 (series 95 of 112)
2026-03-24 13:20:05,571 - INFO - Copying DICOM Brain Cor 3D T2_FLAIR_FS for study_id 2-610 (series 96 of 112)
2026-03-24 13:20:05,879 - INFO - Copying DICOM PJN:Neck Ax MRA_TOF for study_id 2-610 (series 97 of 112)
2026-03-24 13:20:05,887 - INFO - Copying DICOM Neck Ax MRA_TOF for study_id 2-610 (series 98 of 112)
2026-03-24 13:20:05,925 - INFO - Copying DICOM Brain Ax T2_SE for study_id 2-610 (series 99 of 112)
2026-03-24 13:20:06,065 - INFO - Copying DICOM (CBF) Brain Ax 3D ASL for study_id 2-610 (series 100 of 112)
2026-03-24 13:20:06,075 - INFO - Copying DICOM CBF for study_id 2-610 (series 101 of 112)
2026-03-24 13:20:06,084 - INFO - Copying DICOM (color CBF) Brain Ax 3D ASL for study_id 2-610 (series 102 of 112)
2026-03-24 13:20:06,098 - INFO - Copying DICOM Brain Ax 3D ASL for study_id 2-610 (series 103 of 112)
2026-03-24 13:20:06,107 - INFO - Copying DICOM Gad Brain Ax PWI_DSC for study_id 2-610 (series 104 of 112)
2026-03-24 13:20:06,122 - INFO - Copying DICOM Gad Neck Ax 3D MRA for study_id 2-610 (series 105 of 112)
2026-03-24 13:20:06,996 - INFO - Copying DICOM COL:Gad Neck Cor 3D MRA for study_id 2-610 (series 106 of 112)
2026-03-24 13:20:07,000 - INFO - Copying DICOM Gad Neck Cor 3D MRA for study_id 2-610 (series 107 of 112)
2026-03-24 13:20:07,255 - INFO - Copying DICOM CAROTIDS for study_id 2-610 (series 108 of 112)
2026-03-24 13:20:08,053 - INFO - Copying DICOM Gad Brain Ax PWI_DSC for study_id 2-610 (series 109 of 112)
2026-03-24 13:20:08,224 - INFO - Copying DICOM Gad Brain Sag 3D T1_GRE for study_id 2-610 (series 110 of 112)
2026-03-24 13:20:09,001 - INFO - Copying DICOM Gad Brain Ax 3D T1_GRE for study_id 2-610 (series 111 of 112)
2026-03-24 13:20:11,064 - INFO - Copying DICOM Gad Brain Cor 3D T1_GRE for study_id 2-610 (series 112 of 112)
2026-03-24 13:20:11,398 - INFO - Converting /DATA2/pacs_imaging_data/2-610/1.2.826.0.1.3680043.8.498.56783870419092040594200179452248670052/CTA Head Neck  2.0  MPR  cor/1.2.826.0.1.3680043.8.498.12723523896813459729611269121169537812/DICOM to /DATA2/pacs_imaging_data/2-610/1.2.826.0.1.3680043.8.498.56783870419092040594200179452248670052/CTA Head Neck  2.0  MPR  cor/1.2.826.0.1.3680043.8.498.12723523896813459729611269121169537812/NIFTI/image.nii.gz
2026-03-24 13:20:14,039 - INFO - Converting /DATA2/pacs_imaging_data/2-610/1.2.826.0.1.3680043.8.498.56783870419092040594200179452248670052/CTA Head Neck  2.0  MPR  sag/1.2.826.0.1.3680043.8.498.13853644016163326805295644119667549697/DICOM to /DATA2/pacs_imaging_data/2-610/1.2.826.0.1.3680043.8.498.56783870419092040594200179452248670052/CTA Head Neck  2.0  MPR  sag/1.2.826.0.1.3680043.8.498.13853644016163326805295644119667549697/NIFTI/image.nii.gz
2026-03-24 13:20:25,760 - INFO - Converting /DATA2/pacs_imaging_data/2-610/1.2.826.0.1.3680043.8.498.56783870419092040594200179452248670052/CTA Head Neck  0.75  Hr56  4 (RAPID)/1.2.826.0.1.3680043.8.498.10559526187130504296075827386525950875/DICOM to /DATA2/pacs_imaging_data/2-610/1.2.826.0.1.3680043.8.498.56783870419092040594200179452248670052/CTA Head Neck  0.75  Hr56  4 (RAPID)/1.2.826.0.1.3680043.8.498.10559526187130504296075827386525950875/NIFTI/image.nii.gz
2026-03-24 13:20:39,235 - INFO - Converting /DATA2/pacs_imaging_data/2-610/1.2.826.0.1.3680043.8.498.56783870419092040594200179452248670052/CTA Head Neck  3.0  Hr56/1.2.826.0.1.3680043.8.498.13360954944215208720080403642144243997/DICOM to /DATA2/pacs_imaging_data/2-610/1.2.826.0.1.3680043.8.498.56783870419092040594200179452248670052/CTA Head Neck  3.0  Hr56/1.2.826.0.1.3680043.8.498.13360954944215208720080403642144243997/NIFTI/image.nii.gz
2026-03-24 13:20:40,673 - ERROR - Failed to process case 2-610: 'src_dicom_dir_path'
2026-03-24 13:20:40,689 - INFO - Processing case 2-611
2026-03-24 13:21:02,576 - ERROR - Traceback (most recent call last):
2026-03-24 13:21:02,578 - ERROR -   File "/home/perecanals/pacs/stanford-stroke-pacs/image_integration_protocols/execute_image_integration_protocol.py", line 189, in <module>
2026-03-24 13:21:02,578 - ERROR -     result = execute_image_integration_protocol(
2026-03-24 13:21:02,578 - ERROR -         case_dir,
2026-03-24 13:21:02,578 - ERROR -     ...<4 lines>...
2026-03-24 13:21:02,578 - ERROR -         delete_originals_after_verification=config["delete_originals_after_verification"],
2026-03-24 13:21:02,578 - ERROR -     )
2026-03-24 13:21:02,578 - ERROR -   File "/home/perecanals/pacs/stanford-stroke-pacs/image_integration_protocols/execute_image_integration_protocol.py", line 95, in execute_image_integration_protocol
2026-03-24 13:21:02,578 - ERROR -     return protocol.execute_image_integration_protocol(overwrite_if_exists=overwrite_if_exists)
2026-03-24 13:21:02,578 - ERROR -            ~~~~~~~~~~~~~~~~~~~~~~~~~~~~~~~~~~~~~~~~~~~^^^^^^^^^^^^^^^^^^^^^^^^^^^^^^^^^^^^^^^^^
2026-03-24 13:21:02,578 - ERROR -   File "/home/perecanals/pacs/stanford-stroke-pacs/image_integration_protocols/image_integration_protocol.py", line 46, in execute_image_integration_protocol
2026-03-24 13:21:02,578 - ERROR -     def execute_image_integration_protocol(self, overwrite_if_exists=False):
2026-03-24 13:21:02,578 - ERROR -         ^^^^^^^^^^^^^^^^^^^^^^^^^^
2026-03-24 13:21:02,578 - ERROR -   File "/home/perecanals/pacs/stanford-stroke-pacs/image_integration_protocols/image_integration_protocol.py", line 315, in create_series_table
2026-03-24 13:21:02,578 - ERROR -     @staticmethod
2026-03-24 13:21:02,578 - ERROR -     
2026-03-24 13:21:02,578 - ERROR -     def _iter_series_directories(root_dir):
2026-03-24 13:21:02,578 - ERROR -     ^^^^^^^^^^^^^^^^^^^^^^^^^^^^^^^^^^^^^^^
2026-03-24 13:21:02,579 - ERROR -         if not os.path.isdir(root_dir):
2026-03-24 13:21:02,579 - ERROR -         ^^^^^
2026-03-24 13:21:02,579 - ERROR -   File "/home/perecanals/pacs/stanford-stroke-pacs/image_integration_protocols/image_integration_protocol.py", line 268, in _series_geometry
2026-03-24 13:21:02,579 - ERROR -     def _safe_float_array(cls, value):
2026-03-24 13:21:02,579 - ERROR -                        ^^^^^^^^^^^^^^^
2026-03-24 13:21:02,579 - ERROR -   File "/home/perecanals/pacs/stanford-stroke-pacs/image_integration_protocols/image_integration_protocol.py", line 187, in _dicom_value
2026-03-24 13:21:02,579 - ERROR -     self.clinical_data["stroke_date"] = pd.to_datetime(
2026-03-24 13:21:02,579 - ERROR -         ^^^^^^^^^^^^^^^^^
2026-03-24 13:21:02,579 - ERROR -   File "/home/perecanals/miniconda3/envs/pacs/lib/python3.14/site-packages/pydicom/dataset.py", line 1075, in __getitem__
2026-03-24 13:21:02,579 - ERROR -     self[tag] = convert_raw_data_element(elem, encoding=character_set, ds=self)
2026-03-24 13:21:02,579 - ERROR -                 ~~~~~~~~~~~~~~~~~~~~~~~~^^^^^^^^^^^^^^^^^^^^^^^^^^^^^^^^^^^^^^^
2026-03-24 13:21:02,579 - ERROR -   File "/home/perecanals/miniconda3/envs/pacs/lib/python3.14/site-packages/pydicom/dataelem.py", line 920, in convert_raw_data_element
2026-03-24 13:21:02,579 - ERROR -     hooks.raw_element_value(raw, data, encoding=encoding, ds=ds)
2026-03-24 13:21:02,579 - ERROR -     ~~~~~~~~~~~~~~~~~~~~~~~^^^^^^^^^^^^^^^^^^^^^^^^^^^^^^^^^^^^^
2026-03-24 13:21:02,579 - ERROR -   File "/home/perecanals/miniconda3/envs/pacs/lib/python3.14/site-packages/pydicom/hooks.py", line 246, in raw_element_value
2026-03-24 13:21:02,579 - ERROR -     value = convert_value(vr, raw, encoding)
2026-03-24 13:21:02,579 - ERROR -   File "/home/perecanals/miniconda3/envs/pacs/lib/python3.14/site-packages/pydicom/values.py", line 789, in convert_value
2026-03-24 13:21:02,579 - ERROR -     return converter(byte_string, is_little_endian, num_format)
2026-03-24 13:21:02,579 - ERROR -   File "/home/perecanals/miniconda3/envs/pacs/lib/python3.14/site-packages/pydicom/values.py", line 207, in convert_DS_string
2026-03-24 13:21:02,579 - ERROR -     def convert_DS_string(
2026-03-24 13:21:02,579 - ERROR - KeyboardInterrupt
