2026-03-17 21:18:16,997 - INFO - Starting image integration protocol execution
2026-03-17 21:18:16,998 - INFO - Log file: /home/perecanals/pacs/stanford-stroke-pacs/image_integration_protocols/execute_image_integration_protocol_20260317_211816.log
2026-03-17 21:18:17,009 - INFO - Source directory: /home/perecanals/pacs/imaging_database_test
2026-03-17 21:18:17,009 - INFO - Found 5 cases to process
2026-03-17 21:18:17,009 - INFO - Processing case 1-017
2026-03-17 21:18:17,143 - INFO - All studies are already in the database for case_dir (/home/perecanals/pacs/imaging_database_test/1-017)
2026-03-17 21:18:17,144 - INFO - Successfully completed processing case 1-017
2026-03-17 21:18:17,144 - INFO - Processing case 2-592
2026-03-17 21:18:17,240 - INFO - All studies are already in the database for case_dir (/home/perecanals/pacs/imaging_database_test/2-592)
2026-03-17 21:18:17,241 - INFO - Successfully completed processing case 2-592
2026-03-17 21:18:17,241 - INFO - Processing case 2-599
2026-03-17 21:18:17,337 - INFO - All studies are already in the database for case_dir (/home/perecanals/pacs/imaging_database_test/2-599)
2026-03-17 21:18:17,338 - INFO - Successfully completed processing case 2-599
2026-03-17 21:18:17,338 - INFO - Processing case 2-601
2026-03-17 21:18:17,434 - INFO - All studies are already in the database for case_dir (/home/perecanals/pacs/imaging_database_test/2-601)
2026-03-17 21:18:17,435 - INFO - Successfully completed processing case 2-601
2026-03-17 21:18:17,435 - INFO - Processing case 2-603
2026-03-17 21:18:17,535 - INFO - All studies are already in the database for case_dir (/home/perecanals/pacs/imaging_database_test/2-603)
2026-03-17 21:18:17,536 - INFO - Successfully completed processing case 2-603
2026-03-17 21:18:17,536 - INFO - ============================================================
2026-03-17 21:18:17,536 - INFO - IMAGE INTEGRATION PROTOCOL SUMMARY
2026-03-17 21:18:17,536 - INFO - Total cases found: 5
2026-03-17 21:18:17,536 - INFO - Successfully processed: 5
2026-03-17 21:18:17,536 - INFO - Skipped (empty directories): 0
2026-03-17 21:18:17,536 - INFO - Failed: 0
2026-03-17 21:18:17,536 - INFO - ============================================================
2026-03-17 21:18:17,536 - INFO - Image integration protocol execution completed
